<?xml version="1.0" encoding="UTF-8"?>
<!-- Generated by org.testng.reporters.JUnitXMLReporter -->
<testsuite hostname="EGOR-PC" tests="10" failures="0" timestamp="26 May 2016 21:07:39 GMT" time="144.647" errors="0">
  <testcase name="Alcogolik" time="7.115" classname="AutoTests"/>
  <testcase name="CalcAlc" time="15.36" classname="AutoTests"/>
  <testcase name="Comment" time="9.706" classname="AutoTests"/>
  <testcase name="DilSpirt" time="7.031" classname="AutoTests"/>
  <testcase name="Enter" time="4.041" classname="AutoTests"/>
  <testcase name="NapYou" time="6.435" classname="AutoTests"/>
  <testcase name="Nap_alc" time="6.281" classname="AutoTests"/>
  <testcase name="SahBrag" time="5.173" classname="AutoTests"/>
  <testcase name="Superman" time="7.121" classname="AutoTests"/>
  <testcase name="Test_alc" time="21.228" classname="AutoTests"/>
</testsuite>
