<?xml version="1.0" encoding="UTF-8"?>
<!-- Generated by org.testng.reporters.JUnitXMLReporter -->
<testsuite hostname="EGOR-ПК" tests="10" failures="0" timestamp="26 May 2016 16:33:39 GMT" time="45.95" errors="0">
  <testcase name="@BeforeMethod setUp" time="0.0" classname="AutoTests">
    <failure type="org.openqa.selenium.WebDriverException" message="Unable to bind to locking port 7054 within 45000 ms
Build info: version: &amp;apos;2.53.0&amp;apos;, revision: &amp;apos;35ae25b1534ae328c771e0856c93e187490ca824&amp;apos;, time: &amp;apos;2016-03-15 10:43:46&amp;apos;
System info: host: &amp;apos;EGOR-ПК&amp;apos;, ip: &amp;apos;192.168.43.66&amp;apos;, os.name: &amp;apos;Windows 7&amp;apos;, os.arch: &amp;apos;amd64&amp;apos;, os.version: &amp;apos;6.1&amp;apos;, java.version: &amp;apos;1.8.0_74&amp;apos;
Driver info: driver.version: FirefoxDriver">
      <![CDATA[org.openqa.selenium.WebDriverException: Unable to bind to locking port 7054 within 45000 ms
Build info: version: '2.53.0', revision: '35ae25b1534ae328c771e0856c93e187490ca824', time: '2016-03-15 10:43:46'
System info: host: 'EGOR-ПК', ip: '192.168.43.66', os.name: 'Windows 7', os.arch: 'amd64', os.version: '6.1', java.version: '1.8.0_74'
Driver info: driver.version: FirefoxDriver
	at org.openqa.selenium.internal.SocketLock.lock(SocketLock.java:100)
	at org.openqa.selenium.firefox.internal.NewProfileExtensionConnection.start(NewProfileExtensionConnection.java:80)
	at org.openqa.selenium.firefox.FirefoxDriver.startClient(FirefoxDriver.java:271)
	at org.openqa.selenium.remote.RemoteWebDriver.<init>(RemoteWebDriver.java:119)
	at org.openqa.selenium.firefox.FirefoxDriver.<init>(FirefoxDriver.java:216)
	at org.openqa.selenium.firefox.FirefoxDriver.<init>(FirefoxDriver.java:211)
	at org.openqa.selenium.firefox.FirefoxDriver.<init>(FirefoxDriver.java:207)
	at org.openqa.selenium.firefox.FirefoxDriver.<init>(FirefoxDriver.java:120)
	at Steps.Steps.initBrowser(Steps.java:11)
	at AutoTests.setUp(AutoTests.java:17)
... Removed 35 stack frames]]>
    </failure>
  </testcase> <!-- @BeforeMethod setUp -->
  <testcase name="@BeforeMethod setUp" time="0.0" classname="AutoTests">
    <skipped/>
  </testcase> <!-- @BeforeMethod setUp -->
  <testcase name="@BeforeMethod setUp" time="0.0" classname="AutoTests">
    <skipped/>
  </testcase> <!-- @BeforeMethod setUp -->
  <testcase name="@BeforeMethod setUp" time="0.0" classname="AutoTests">
    <skipped/>
  </testcase> <!-- @BeforeMethod setUp -->
  <testcase name="@BeforeMethod setUp" time="0.0" classname="AutoTests">
    <skipped/>
  </testcase> <!-- @BeforeMethod setUp -->
  <testcase name="@BeforeMethod setUp" time="0.0" classname="AutoTests">
    <skipped/>
  </testcase> <!-- @BeforeMethod setUp -->
  <testcase name="@BeforeMethod setUp" time="0.0" classname="AutoTests">
    <skipped/>
  </testcase> <!-- @BeforeMethod setUp -->
  <testcase name="@BeforeMethod setUp" time="0.0" classname="AutoTests">
    <skipped/>
  </testcase> <!-- @BeforeMethod setUp -->
  <testcase name="@BeforeMethod setUp" time="0.0" classname="AutoTests">
    <skipped/>
  </testcase> <!-- @BeforeMethod setUp -->
  <testcase name="@BeforeMethod setUp" time="0.0" classname="AutoTests">
    <skipped/>
  </testcase> <!-- @BeforeMethod setUp -->
  <testcase name="Alcogolik" time="0.0" classname="AutoTests">
    <skipped/>
  </testcase> <!-- Alcogolik -->
  <testcase name="CalcAlc" time="0.0" classname="AutoTests">
    <skipped/>
  </testcase> <!-- CalcAlc -->
  <testcase name="Comment" time="0.0" classname="AutoTests">
    <skipped/>
  </testcase> <!-- Comment -->
  <testcase name="DilSpirt" time="0.0" classname="AutoTests">
    <skipped/>
  </testcase> <!-- DilSpirt -->
  <testcase name="Enter" time="0.0" classname="AutoTests">
    <skipped/>
  </testcase> <!-- Enter -->
  <testcase name="NapYou" time="0.0" classname="AutoTests">
    <skipped/>
  </testcase> <!-- NapYou -->
  <testcase name="Nap_alc" time="0.0" classname="AutoTests">
    <skipped/>
  </testcase> <!-- Nap_alc -->
  <testcase name="SahBrag" time="0.001" classname="AutoTests">
    <skipped/>
  </testcase> <!-- SahBrag -->
  <testcase name="Superman" time="0.0" classname="AutoTests">
    <skipped/>
  </testcase> <!-- Superman -->
  <testcase name="Test_alc" time="0.0" classname="AutoTests">
    <skipped/>
  </testcase> <!-- Test_alc -->
</testsuite>
