<?xml version="1.0" encoding="UTF-8"?>
<testng-results skipped="0" failed="0" total="10" passed="10">
  <reporter-output>
  </reporter-output>
  <suite name="AutoTests" duration-ms="144647" started-at="2016-05-26T21:05:14Z" finished-at="2016-05-26T21:07:39Z">
    <groups>
    </groups>
    <test name="Command line test" duration-ms="144647" started-at="2016-05-26T21:05:14Z" finished-at="2016-05-26T21:07:39Z">
      <class name="AutoTests">
        <test-method status="PASS" signature="setUp()[pri:0, instance:AutoTests@3d24753a]" name="setUp" is-config="true" duration-ms="4228" started-at="2016-05-26T23:05:14Z" description="Init Browser" finished-at="2016-05-26T23:05:19Z">
          <reporter-output>
          </reporter-output>
        </test-method> <!-- setUp -->
        <test-method status="PASS" signature="Alcogolik()[pri:0, instance:AutoTests@3d24753a]" name="Alcogolik" duration-ms="7115" started-at="2016-05-26T23:05:19Z" description=" five_Test  Alcogolik" finished-at="2016-05-26T23:05:26Z">
          <reporter-output>
          </reporter-output>
        </test-method> <!-- Alcogolik -->
        <test-method status="PASS" signature="closeBrowser()[pri:0, instance:AutoTests@3d24753a]" name="closeBrowser" is-config="true" duration-ms="9" started-at="2016-05-26T23:05:26Z" description="Close browser" finished-at="2016-05-26T23:05:26Z">
          <reporter-output>
          </reporter-output>
        </test-method> <!-- closeBrowser -->
        <test-method status="PASS" signature="setUp()[pri:0, instance:AutoTests@3d24753a]" name="setUp" is-config="true" duration-ms="4984" started-at="2016-05-26T23:05:26Z" description="Init Browser" finished-at="2016-05-26T23:05:31Z">
          <reporter-output>
          </reporter-output>
        </test-method> <!-- setUp -->
        <test-method status="PASS" signature="CalcAlc()[pri:0, instance:AutoTests@3d24753a]" name="CalcAlc" duration-ms="15360" started-at="2016-05-26T23:05:31Z" description=" second_Test  Calc_Alc" finished-at="2016-05-26T23:05:46Z">
          <reporter-output>
          </reporter-output>
        </test-method> <!-- CalcAlc -->
        <test-method status="PASS" signature="closeBrowser()[pri:0, instance:AutoTests@3d24753a]" name="closeBrowser" is-config="true" duration-ms="15" started-at="2016-05-26T23:05:46Z" description="Close browser" finished-at="2016-05-26T23:05:46Z">
          <reporter-output>
          </reporter-output>
        </test-method> <!-- closeBrowser -->
        <test-method status="PASS" signature="setUp()[pri:0, instance:AutoTests@3d24753a]" name="setUp" is-config="true" duration-ms="6173" started-at="2016-05-26T23:05:46Z" description="Init Browser" finished-at="2016-05-26T23:05:52Z">
          <reporter-output>
          </reporter-output>
        </test-method> <!-- setUp -->
        <test-method status="PASS" signature="Comment()[pri:0, instance:AutoTests@3d24753a]" name="Comment" duration-ms="9706" started-at="2016-05-26T23:05:52Z" description=" six_Test  Comment" finished-at="2016-05-26T23:06:02Z">
          <reporter-output>
          </reporter-output>
        </test-method> <!-- Comment -->
        <test-method status="PASS" signature="closeBrowser()[pri:0, instance:AutoTests@3d24753a]" name="closeBrowser" is-config="true" duration-ms="9" started-at="2016-05-26T23:06:02Z" description="Close browser" finished-at="2016-05-26T23:06:02Z">
          <reporter-output>
          </reporter-output>
        </test-method> <!-- closeBrowser -->
        <test-method status="PASS" signature="setUp()[pri:0, instance:AutoTests@3d24753a]" name="setUp" is-config="true" duration-ms="6472" started-at="2016-05-26T23:06:02Z" description="Init Browser" finished-at="2016-05-26T23:06:08Z">
          <reporter-output>
          </reporter-output>
        </test-method> <!-- setUp -->
        <test-method status="PASS" signature="DilSpirt()[pri:0, instance:AutoTests@3d24753a]" name="DilSpirt" duration-ms="7031" started-at="2016-05-26T23:06:08Z" description=" thrid_Test  DilSpirt" finished-at="2016-05-26T23:06:15Z">
          <reporter-output>
          </reporter-output>
        </test-method> <!-- DilSpirt -->
        <test-method status="PASS" signature="closeBrowser()[pri:0, instance:AutoTests@3d24753a]" name="closeBrowser" is-config="true" duration-ms="11" started-at="2016-05-26T23:06:15Z" description="Close browser" finished-at="2016-05-26T23:06:15Z">
          <reporter-output>
          </reporter-output>
        </test-method> <!-- closeBrowser -->
        <test-method status="PASS" signature="setUp()[pri:0, instance:AutoTests@3d24753a]" name="setUp" is-config="true" duration-ms="5182" started-at="2016-05-26T23:06:15Z" description="Init Browser" finished-at="2016-05-26T23:06:21Z">
          <reporter-output>
          </reporter-output>
        </test-method> <!-- setUp -->
        <test-method status="PASS" signature="Enter()[pri:0, instance:AutoTests@3d24753a]" name="Enter" duration-ms="4041" started-at="2016-05-26T23:06:21Z" description=" ten_Test Enter " finished-at="2016-05-26T23:06:25Z">
          <reporter-output>
          </reporter-output>
        </test-method> <!-- Enter -->
        <test-method status="PASS" signature="closeBrowser()[pri:0, instance:AutoTests@3d24753a]" name="closeBrowser" is-config="true" duration-ms="7" started-at="2016-05-26T23:06:25Z" description="Close browser" finished-at="2016-05-26T23:06:25Z">
          <reporter-output>
          </reporter-output>
        </test-method> <!-- closeBrowser -->
        <test-method status="PASS" signature="setUp()[pri:0, instance:AutoTests@3d24753a]" name="setUp" is-config="true" duration-ms="6118" started-at="2016-05-26T23:06:25Z" description="Init Browser" finished-at="2016-05-26T23:06:31Z">
          <reporter-output>
          </reporter-output>
        </test-method> <!-- setUp -->
        <test-method status="PASS" signature="NapYou()[pri:0, instance:AutoTests@3d24753a]" name="NapYou" duration-ms="6435" started-at="2016-05-26T23:06:31Z" description=" eight_Test8  NapitokYou " finished-at="2016-05-26T23:06:37Z">
          <reporter-output>
          </reporter-output>
        </test-method> <!-- NapYou -->
        <test-method status="PASS" signature="closeBrowser()[pri:0, instance:AutoTests@3d24753a]" name="closeBrowser" is-config="true" duration-ms="10" started-at="2016-05-26T23:06:37Z" description="Close browser" finished-at="2016-05-26T23:06:37Z">
          <reporter-output>
          </reporter-output>
        </test-method> <!-- closeBrowser -->
        <test-method status="PASS" signature="setUp()[pri:0, instance:AutoTests@3d24753a]" name="setUp" is-config="true" duration-ms="5436" started-at="2016-05-26T23:06:37Z" description="Init Browser" finished-at="2016-05-26T23:06:43Z">
          <reporter-output>
          </reporter-output>
        </test-method> <!-- setUp -->
        <test-method status="PASS" signature="Nap_alc()[pri:0, instance:AutoTests@3d24753a]" name="Nap_alc" duration-ms="6281" started-at="2016-05-26T23:06:43Z" description=" seven_Test  Napitok " finished-at="2016-05-26T23:06:49Z">
          <reporter-output>
          </reporter-output>
        </test-method> <!-- Nap_alc -->
        <test-method status="PASS" signature="closeBrowser()[pri:0, instance:AutoTests@3d24753a]" name="closeBrowser" is-config="true" duration-ms="17" started-at="2016-05-26T23:06:49Z" description="Close browser" finished-at="2016-05-26T23:06:49Z">
          <reporter-output>
          </reporter-output>
        </test-method> <!-- closeBrowser -->
        <test-method status="PASS" signature="setUp()[pri:0, instance:AutoTests@3d24753a]" name="setUp" is-config="true" duration-ms="5111" started-at="2016-05-26T23:06:49Z" description="Init Browser" finished-at="2016-05-26T23:06:54Z">
          <reporter-output>
          </reporter-output>
        </test-method> <!-- setUp -->
        <test-method status="PASS" signature="SahBrag()[pri:0, instance:AutoTests@3d24753a]" name="SahBrag" duration-ms="5173" started-at="2016-05-26T23:06:54Z" description=" first_Test  SahBrag" finished-at="2016-05-26T23:06:59Z">
          <reporter-output>
          </reporter-output>
        </test-method> <!-- SahBrag -->
        <test-method status="PASS" signature="closeBrowser()[pri:0, instance:AutoTests@3d24753a]" name="closeBrowser" is-config="true" duration-ms="12" started-at="2016-05-26T23:06:59Z" description="Close browser" finished-at="2016-05-26T23:06:59Z">
          <reporter-output>
          </reporter-output>
        </test-method> <!-- closeBrowser -->
        <test-method status="PASS" signature="setUp()[pri:0, instance:AutoTests@3d24753a]" name="setUp" is-config="true" duration-ms="5266" started-at="2016-05-26T23:06:59Z" description="Init Browser" finished-at="2016-05-26T23:07:05Z">
          <reporter-output>
          </reporter-output>
        </test-method> <!-- setUp -->
        <test-method status="PASS" signature="Superman()[pri:0, instance:AutoTests@3d24753a]" name="Superman" duration-ms="7121" started-at="2016-05-26T23:07:05Z" description=" nine_Test  Superman " finished-at="2016-05-26T23:07:12Z">
          <reporter-output>
          </reporter-output>
        </test-method> <!-- Superman -->
        <test-method status="PASS" signature="closeBrowser()[pri:0, instance:AutoTests@3d24753a]" name="closeBrowser" is-config="true" duration-ms="17" started-at="2016-05-26T23:07:12Z" description="Close browser" finished-at="2016-05-26T23:07:12Z">
          <reporter-output>
          </reporter-output>
        </test-method> <!-- closeBrowser -->
        <test-method status="PASS" signature="setUp()[pri:0, instance:AutoTests@3d24753a]" name="setUp" is-config="true" duration-ms="6051" started-at="2016-05-26T23:07:12Z" description="Init Browser" finished-at="2016-05-26T23:07:18Z">
          <reporter-output>
          </reporter-output>
        </test-method> <!-- setUp -->
        <test-method status="PASS" signature="Test_alc()[pri:0, instance:AutoTests@3d24753a]" name="Test_alc" duration-ms="21228" started-at="2016-05-26T23:07:18Z" description=" fourth_Test  Tes_Alc" finished-at="2016-05-26T23:07:39Z">
          <reporter-output>
          </reporter-output>
        </test-method> <!-- Test_alc -->
        <test-method status="PASS" signature="closeBrowser()[pri:0, instance:AutoTests@3d24753a]" name="closeBrowser" is-config="true" duration-ms="8" started-at="2016-05-26T23:07:39Z" description="Close browser" finished-at="2016-05-26T23:07:39Z">
          <reporter-output>
          </reporter-output>
        </test-method> <!-- closeBrowser -->
      </class> <!-- AutoTests -->
    </test> <!-- Command line test -->
  </suite> <!-- AutoTests -->
</testng-results>
